0 info it worked if it ends with ok
1 verbose cli [ '/home/leandrex/.nvm/versions/node/v6.17.1/bin/node',
1 verbose cli   '/home/leandrex/.nvm/versions/node/v6.17.1/bin/npm',
1 verbose cli   'run',
1 verbose cli   'cypress:open' ]
2 info using npm@3.10.10
3 info using node@v6.17.1
4 verbose run-script [ 'precypress:open', 'cypress:open', 'postcypress:open' ]
5 info lifecycle sd-03-week3-html-css-project@1.0.0~precypress:open: sd-03-week3-html-css-project@1.0.0
6 silly lifecycle sd-03-week3-html-css-project@1.0.0~precypress:open: no script for precypress:open, continuing
7 info lifecycle sd-03-week3-html-css-project@1.0.0~cypress:open: sd-03-week3-html-css-project@1.0.0
8 verbose lifecycle sd-03-week3-html-css-project@1.0.0~cypress:open: unsafe-perm in lifecycle true
9 verbose lifecycle sd-03-week3-html-css-project@1.0.0~cypress:open: PATH: /home/leandrex/.nvm/versions/node/v6.17.1/lib/node_modules/npm/bin/node-gyp-bin:/home/leandrex/Documentos/sd-026-a-project-lessons-learned/node_modules/.bin:/home/leandrex/.nvm/versions/node/v6.17.1/bin:/usr/local/sbin:/usr/local/bin:/usr/sbin:/usr/bin:/sbin:/bin:/usr/games:/usr/local/games:/snap/bin:/snap/bin
10 verbose lifecycle sd-03-week3-html-css-project@1.0.0~cypress:open: CWD: /home/leandrex/Documentos/sd-026-a-project-lessons-learned
11 silly lifecycle sd-03-week3-html-css-project@1.0.0~cypress:open: Args: [ '-c', 'cypress open' ]
12 info lifecycle sd-03-week3-html-css-project@1.0.0~cypress:open: Failed to exec cypress:open script
13 verbose stack Error: sd-03-week3-html-css-project@1.0.0 cypress:open: `cypress open`
13 verbose stack spawn ENOENT
13 verbose stack     at ChildProcess.<anonymous> (/home/leandrex/.nvm/versions/node/v6.17.1/lib/node_modules/npm/lib/utils/spawn.js:33:16)
13 verbose stack     at emitTwo (events.js:106:13)
13 verbose stack     at ChildProcess.emit (events.js:191:7)
13 verbose stack     at maybeClose (internal/child_process.js:920:16)
13 verbose stack     at Process.ChildProcess._handle.onexit (internal/child_process.js:230:5)
14 verbose pkgid sd-03-week3-html-css-project@1.0.0
15 verbose cwd /home/leandrex/Documentos/sd-026-a-project-lessons-learned
16 error Linux 5.15.0-46-generic
17 error argv "/home/leandrex/.nvm/versions/node/v6.17.1/bin/node" "/home/leandrex/.nvm/versions/node/v6.17.1/bin/npm" "run" "cypress:open"
18 error node v6.17.1
19 error npm  v3.10.10
20 error file sh
21 error code ELIFECYCLE
22 error errno ENOENT
23 error syscall spawn
24 error sd-03-week3-html-css-project@1.0.0 cypress:open: `cypress open`
24 error spawn ENOENT
25 error Failed at the sd-03-week3-html-css-project@1.0.0 cypress:open script 'cypress open'.
25 error Make sure you have the latest version of node.js and npm installed.
25 error If you do, this is most likely a problem with the sd-03-week3-html-css-project package,
25 error not with npm itself.
25 error Tell the author that this fails on your system:
25 error     cypress open
25 error You can get information on how to open an issue for this project with:
25 error     npm bugs sd-03-week3-html-css-project
25 error Or if that isn't available, you can get their info via:
25 error     npm owner ls sd-03-week3-html-css-project
25 error There is likely additional logging output above.
26 verbose exit [ 1, true ]
